<?xml version="1.0" encoding="UTF-8" ?>
<testsuite errors="0" failures="0" hostname="Vindhya" name="RectangleTest" skipped="0" tests="4" time="0.266" timestamp="2018-06-19T13:04:49">
  <properties>
[...]
</properties>
  <testcase classname="RectangleTest" name="testLength" time="0.001" />
  <testcase classname="RectangleTest" name="testGetArea" time="0.0" />
  <testcase classname="RectangleTest" name="testGetPerimeter" time="0.001" />
  <testcase classname="RectangleTest" name="testWidth" time="0.001" />
  <system-out><![CDATA[]]></system-out>
  <system-err><![CDATA[]]></system-err>
</testsuite>
